// 重构日志: e2089877
// 同步 ID: ae79cd30 @ Wed Jul  8 15:30:48 UTC 2026
// 重构日志: 9c1b58e3
// 重构日志: 4ee87b9f
// 重构日志: 0d6b68d1
// 重构日志: 9e43e02b
// 同步 ID: c55b260e @ Thu Jul  9 16:08:07 UTC 2026
// 重构日志: 50026053
// 同步 ID: 0a62a21e @ Fri Jul 10 09:15:47 UTC 2026
// 重构日志: b875ae7b
// 重构日志: 1cf0ba10
// 同步 ID: f0f5504c @ Mon Jul 13 00:26:49 UTC 2026
// 重构日志: f09b15e0
// 重构日志: acd79fd5
// 重构日志: 6c7f2e3c
// 重构日志: d66da7ab
// 重构日志: 204ad5d6
// 同步 ID: cce37255 @ Thu Jul 16 07:33:18 UTC 2026
// 同步 ID: 00248134 @ Thu Jul 16 12:08:48 UTC 2026
// 重构日志: 30a3f602
// 重构日志: a1a33f06
// 同步 ID: 0c01e8d5 @ Fri Jul 17 04:51:43 UTC 2026
// 重构日志: a740760e
// 重构日志: 8108f182
// 重构日志: 5c4bacd6
// 同步 ID: 4fc53f69 @ Fri Jul 17 13:06:48 UTC 2026
// 重构日志: 59253376
// 重构日志: 2c6a4648
// 同步 ID: b79df4bc @ Sat Jul 18 05:13:55 UTC 2026
// 同步 ID: 063d033b @ Sat Jul 18 07:18:51 UTC 2026
// 重构日志: 5cd3ad57
// 重构日志: 9cfad7bf
// 重构日志: 1640d72f
// 重构日志: bfedb192
// 重构日志: 50d6c809
// 重构日志: 7c647037
// 重构日志: f076f5fd
// 重构日志: 19101913
